[INFO ] 2020-11-28 23:32:07.847 [JavaFX Application Thread] User - STARTED - Create Query with parameters returns list
[INFO ] 2020-11-28 23:32:08.193 [JavaFX Application Thread] User - FINISHED - Create Query. Result size=1
[INFO ] 2020-11-28 23:44:57.542 [JavaFX Application Thread] User - STARTED- Named Query
[INFO ] 2020-11-28 23:44:57.739 [JavaFX Application Thread] User - FINISHED- Named Query
[INFO ] 2020-11-28 23:45:02.261 [JavaFX Application Thread] AdminController - User: admin logout from the system!
[INFO ] 2020-12-01 18:19:32.157 [JavaFX Application Thread] User - STARTED- Named Query
[INFO ] 2020-12-01 18:19:32.631 [JavaFX Application Thread] User - FINISHED- Named Query
[INFO ] 2020-12-01 18:19:32.631 [JavaFX Application Thread] SignInController - User: admin log in the system!
[INFO ] 2020-12-01 18:34:57.522 [JavaFX Application Thread] User - STARTED- Named Query
[INFO ] 2020-12-01 18:34:57.823 [JavaFX Application Thread] User - FINISHED- Named Query
[INFO ] 2020-12-01 18:34:57.824 [JavaFX Application Thread] SignInController - User: admin log in the system!
[INFO ] 2020-12-02 16:22:25.390 [JavaFX Application Thread] SingUpController - From registration form to login!
[INFO ] 2020-12-02 16:22:46.731 [JavaFX Application Thread] User - STARTED- Named Query
[INFO ] 2020-12-02 16:22:46.972 [JavaFX Application Thread] User - FINISHED- Named Query
[INFO ] 2020-12-02 16:22:46.972 [JavaFX Application Thread] SignInController - User: admin log in the system!
[INFO ] 2020-12-02 16:25:29.570 [JavaFX Application Thread] User - STARTED- Named Query
[INFO ] 2020-12-02 16:25:29.991 [JavaFX Application Thread] User - FINISHED- Named Query
[INFO ] 2020-12-02 16:25:29.991 [JavaFX Application Thread] Role - STARTED- Named Query
[INFO ] 2020-12-02 16:25:30.024 [JavaFX Application Thread] Role - FINISHED- Named Query
[INFO ] 2020-12-02 16:25:30.025 [JavaFX Application Thread] User - STARTED- Save user
[INFO ] 2020-12-02 16:25:30.879 [JavaFX Application Thread] User - FINISHED- Save user
[INFO ] 2020-12-02 16:25:37.257 [JavaFX Application Thread] SingUpController - From registration form to login!
[INFO ] 2020-12-02 16:41:14.905 [JavaFX Application Thread] User - STARTED- Named Query
[INFO ] 2020-12-02 16:41:15.088 [JavaFX Application Thread] User - FINISHED- Named Query
[INFO ] 2020-12-02 16:41:15.089 [JavaFX Application Thread] SignInController - User: admin log in the system!
[INFO ] 2020-12-02 16:41:22.115 [JavaFX Application Thread] User - STARTED - Create Query with parameters returns list
[INFO ] 2020-12-02 16:41:22.130 [JavaFX Application Thread] User - FINISHED - Create Query. Result size=1
[INFO ] 2020-12-02 16:50:44.507 [JavaFX Application Thread] User - STARTED- Named Query
[INFO ] 2020-12-02 16:50:44.712 [JavaFX Application Thread] User - FINISHED- Named Query
[INFO ] 2020-12-02 16:50:44.712 [JavaFX Application Thread] SignInController - User: admin log in the system!
[INFO ] 2020-12-02 16:50:50.562 [JavaFX Application Thread] User - STARTED - Create Query with parameters returns list
[INFO ] 2020-12-02 16:50:50.577 [JavaFX Application Thread] User - FINISHED - Create Query. Result size=1
[INFO ] 2020-12-02 16:58:55.396 [JavaFX Application Thread] User - STARTED- Named Query
[INFO ] 2020-12-02 16:58:55.608 [JavaFX Application Thread] User - FINISHED- Named Query
[INFO ] 2020-12-02 16:58:55.608 [JavaFX Application Thread] SignInController - User: admin log in the system!
[INFO ] 2020-12-02 16:59:00.667 [JavaFX Application Thread] User - STARTED - Create Query with parameters returns list
[INFO ] 2020-12-02 16:59:00.683 [JavaFX Application Thread] User - FINISHED - Create Query. Result size=1
[INFO ] 2020-12-02 17:05:35.160 [JavaFX Application Thread] User - STARTED- Named Query
[INFO ] 2020-12-02 17:05:35.363 [JavaFX Application Thread] User - FINISHED- Named Query
[INFO ] 2020-12-02 17:05:35.363 [JavaFX Application Thread] SignInController - User: admin log in the system!
[INFO ] 2020-12-02 17:05:39.785 [JavaFX Application Thread] User - STARTED - Create Query with parameters returns list
[INFO ] 2020-12-02 17:05:39.801 [JavaFX Application Thread] User - FINISHED - Create Query. Result size=1
[INFO ] 2020-12-02 17:07:39.650 [JavaFX Application Thread] User - STARTED- Named Query
[INFO ] 2020-12-02 17:07:39.799 [JavaFX Application Thread] User - FINISHED- Named Query
[INFO ] 2020-12-02 17:07:59.007 [JavaFX Application Thread] User - STARTED- Named Query
[INFO ] 2020-12-02 17:07:59.056 [JavaFX Application Thread] User - FINISHED- Named Query
[INFO ] 2020-12-02 17:08:05.288 [JavaFX Application Thread] User - STARTED- Named Query
[INFO ] 2020-12-02 17:08:05.293 [JavaFX Application Thread] User - FINISHED- Named Query
[INFO ] 2020-12-02 17:08:06.383 [JavaFX Application Thread] User - STARTED- Named Query
[INFO ] 2020-12-02 17:08:06.389 [JavaFX Application Thread] User - FINISHED- Named Query
[INFO ] 2020-12-02 17:08:55.510 [JavaFX Application Thread] User - STARTED- Named Query
[INFO ] 2020-12-02 17:08:55.713 [JavaFX Application Thread] User - FINISHED- Named Query
[INFO ] 2020-12-02 17:08:55.713 [JavaFX Application Thread] SignInController - User: admin log in the system!
[INFO ] 2020-12-02 17:10:48.123 [JavaFX Application Thread] User - STARTED- Named Query
[INFO ] 2020-12-02 17:10:48.323 [JavaFX Application Thread] User - FINISHED- Named Query
[INFO ] 2020-12-02 17:10:48.323 [JavaFX Application Thread] SignInController - User: admin log in the system!
[INFO ] 2020-12-02 17:11:44.230 [JavaFX Application Thread] User - STARTED- Named Query
[INFO ] 2020-12-02 17:11:44.458 [JavaFX Application Thread] User - FINISHED- Named Query
[INFO ] 2020-12-02 17:11:44.458 [JavaFX Application Thread] SignInController - User: sisito06 log in the system!
[INFO ] 2020-12-02 17:12:38.796 [JavaFX Application Thread] User - STARTED- Named Query
[INFO ] 2020-12-02 17:12:39.003 [JavaFX Application Thread] User - FINISHED- Named Query
[INFO ] 2020-12-02 17:12:39.003 [JavaFX Application Thread] SignInController - User: sisito06 log in the system!
[INFO ] 2020-12-02 17:20:28.564 [JavaFX Application Thread] User - STARTED- Named Query
[INFO ] 2020-12-02 17:20:28.779 [JavaFX Application Thread] User - FINISHED- Named Query
[INFO ] 2020-12-02 17:20:28.780 [JavaFX Application Thread] SignInController - User: tedito log in the system!
[INFO ] 2020-12-02 17:20:31.049 [JavaFX Application Thread] OperatorController - User: tedito logout from the system!
[INFO ] 2020-12-04 16:12:19.544 [main] User - STARTED- Get user by ID
[INFO ] 2020-12-04 16:12:19.953 [main] User - FINISHED - Get user by ID
[INFO ] 2020-12-04 16:12:19.954 [main] Author - STARTED- Save user
[INFO ] 2020-12-04 16:12:20.201 [main] Author - FINISHED- Save user
[INFO ] 2020-12-04 16:12:20.201 [main] Book - STARTED- Save user
[INFO ] 2020-12-04 16:12:20.412 [main] Book - FINISHED- Save user
[INFO ] 2020-12-04 16:59:27.174 [JavaFX Application Thread] User - STARTED- Named Query
[INFO ] 2020-12-04 16:59:27.439 [JavaFX Application Thread] User - FINISHED- Named Query
[INFO ] 2020-12-04 16:59:27.439 [JavaFX Application Thread] SignInController - User: admin log in the system!
[INFO ] 2020-12-04 17:03:51.756 [JavaFX Application Thread] User - STARTED- Named Query
[INFO ] 2020-12-04 17:03:51.982 [JavaFX Application Thread] User - FINISHED- Named Query
[INFO ] 2020-12-04 17:03:51.983 [JavaFX Application Thread] SignInController - User: admin log in the system!
[INFO ] 2020-12-04 17:05:59.502 [JavaFX Application Thread] User - STARTED- Named Query
[INFO ] 2020-12-04 17:05:59.715 [JavaFX Application Thread] User - FINISHED- Named Query
[INFO ] 2020-12-04 17:05:59.716 [JavaFX Application Thread] SignInController - User: admin log in the system!
[INFO ] 2020-12-04 17:09:36.106 [JavaFX Application Thread] User - STARTED- Named Query
[INFO ] 2020-12-04 17:09:36.317 [JavaFX Application Thread] User - FINISHED- Named Query
[INFO ] 2020-12-04 17:09:36.317 [JavaFX Application Thread] SignInController - User: admin log in the system!
[INFO ] 2020-12-04 17:11:19.429 [JavaFX Application Thread] User - STARTED- Named Query
[INFO ] 2020-12-04 17:11:19.652 [JavaFX Application Thread] User - FINISHED- Named Query
[INFO ] 2020-12-04 17:11:19.652 [JavaFX Application Thread] SignInController - User: admin log in the system!
[INFO ] 2020-12-04 17:19:50.863 [JavaFX Application Thread] User - STARTED- Named Query
[INFO ] 2020-12-04 17:19:51.117 [JavaFX Application Thread] User - FINISHED- Named Query
[INFO ] 2020-12-04 17:19:51.117 [JavaFX Application Thread] SignInController - User: admin log in the system!
[INFO ] 2020-12-04 17:19:52.728 [JavaFX Application Thread] Genre - STARTED- Query
[INFO ] 2020-12-04 17:19:52.999 [JavaFX Application Thread] Genre - FINISHED- Query. Result suze=1
[INFO ] 2020-12-04 17:22:04.041 [JavaFX Application Thread] User - STARTED- Named Query
[INFO ] 2020-12-04 17:22:04.287 [JavaFX Application Thread] User - FINISHED- Named Query
[INFO ] 2020-12-04 17:22:04.287 [JavaFX Application Thread] SignInController - User: admin log in the system!
[INFO ] 2020-12-04 17:22:06.026 [JavaFX Application Thread] Genre - STARTED- Query
[INFO ] 2020-12-04 17:22:06.032 [JavaFX Application Thread] Genre - FINISHED- Query. Result suze=1
[INFO ] 2020-12-04 17:32:52.897 [JavaFX Application Thread] User - STARTED- Named Query
[INFO ] 2020-12-04 17:32:53.109 [JavaFX Application Thread] User - FINISHED- Named Query
[INFO ] 2020-12-04 17:32:53.109 [JavaFX Application Thread] SignInController - User: admin log in the system!
[INFO ] 2020-12-04 17:32:54.827 [JavaFX Application Thread] Genre - STARTED- Query
[INFO ] 2020-12-04 17:32:54.833 [JavaFX Application Thread] Genre - FINISHED- Query. Result suze=1
[INFO ] 2020-12-04 17:32:54.833 [JavaFX Application Thread] Author - STARTED- Query
[INFO ] 2020-12-04 17:32:55.277 [JavaFX Application Thread] Author - FINISHED- Query. Result suze=1
[INFO ] 2020-12-04 17:32:55.278 [JavaFX Application Thread] Publisher - STARTED- Query
[INFO ] 2020-12-04 17:32:55.677 [JavaFX Application Thread] Publisher - FINISHED- Query. Result suze=1
[INFO ] 2020-12-04 17:35:13.391 [JavaFX Application Thread] User - STARTED- Named Query
[INFO ] 2020-12-04 17:35:13.603 [JavaFX Application Thread] User - FINISHED- Named Query
[INFO ] 2020-12-04 17:35:13.604 [JavaFX Application Thread] SignInController - User: admin log in the system!
[INFO ] 2020-12-04 17:35:15.226 [JavaFX Application Thread] Genre - STARTED- Query
[INFO ] 2020-12-04 17:35:15.233 [JavaFX Application Thread] Genre - FINISHED- Query. Result suze=1
[INFO ] 2020-12-04 17:35:15.233 [JavaFX Application Thread] Author - STARTED- Query
[INFO ] 2020-12-04 17:35:15.261 [JavaFX Application Thread] Author - FINISHED- Query. Result suze=1
[INFO ] 2020-12-04 17:35:15.261 [JavaFX Application Thread] Publisher - STARTED- Query
[INFO ] 2020-12-04 17:35:15.265 [JavaFX Application Thread] Publisher - FINISHED- Query. Result suze=1
[INFO ] 2020-12-04 17:38:07.293 [JavaFX Application Thread] User - STARTED- Named Query
[INFO ] 2020-12-04 17:38:07.501 [JavaFX Application Thread] User - FINISHED- Named Query
[INFO ] 2020-12-04 17:38:07.501 [JavaFX Application Thread] SignInController - User: admin log in the system!
[INFO ] 2020-12-04 17:38:09.219 [JavaFX Application Thread] Genre - STARTED- Query
[INFO ] 2020-12-04 17:38:09.226 [JavaFX Application Thread] Genre - FINISHED- Query. Result suze=1
[INFO ] 2020-12-04 17:38:09.226 [JavaFX Application Thread] Author - STARTED- Query
[INFO ] 2020-12-04 17:38:09.249 [JavaFX Application Thread] Author - FINISHED- Query. Result suze=1
[INFO ] 2020-12-04 17:38:09.250 [JavaFX Application Thread] Publisher - STARTED- Query
[INFO ] 2020-12-04 17:38:09.254 [JavaFX Application Thread] Publisher - FINISHED- Query. Result suze=1
[INFO ] 2020-12-04 17:38:50.790 [JavaFX Application Thread] User - STARTED- Named Query
[INFO ] 2020-12-04 17:38:51.004 [JavaFX Application Thread] User - FINISHED- Named Query
[INFO ] 2020-12-04 17:38:51.004 [JavaFX Application Thread] SignInController - User: admin log in the system!
[INFO ] 2020-12-04 17:38:52.499 [JavaFX Application Thread] Genre - STARTED- Query
[INFO ] 2020-12-04 17:38:52.504 [JavaFX Application Thread] Genre - FINISHED- Query. Result suze=1
[INFO ] 2020-12-04 17:38:52.505 [JavaFX Application Thread] Author - STARTED- Query
[INFO ] 2020-12-04 17:38:52.530 [JavaFX Application Thread] Author - FINISHED- Query. Result suze=1
[INFO ] 2020-12-04 17:38:52.531 [JavaFX Application Thread] Publisher - STARTED- Query
[INFO ] 2020-12-04 17:38:52.535 [JavaFX Application Thread] Publisher - FINISHED- Query. Result suze=1
[INFO ] 2020-12-04 17:41:57.960 [JavaFX Application Thread] User - STARTED- Named Query
[INFO ] 2020-12-04 17:41:58.163 [JavaFX Application Thread] User - FINISHED- Named Query
[INFO ] 2020-12-04 17:41:58.163 [JavaFX Application Thread] SignInController - User: admin log in the system!
[INFO ] 2020-12-04 17:42:00.015 [JavaFX Application Thread] Genre - STARTED- Query
[INFO ] 2020-12-04 17:42:00.021 [JavaFX Application Thread] Genre - FINISHED- Query. Result suze=1
[INFO ] 2020-12-04 17:42:00.022 [JavaFX Application Thread] Author - STARTED- Query
[INFO ] 2020-12-04 17:42:00.048 [JavaFX Application Thread] Author - FINISHED- Query. Result suze=1
[INFO ] 2020-12-04 17:42:00.048 [JavaFX Application Thread] Publisher - STARTED- Query
[INFO ] 2020-12-04 17:42:00.053 [JavaFX Application Thread] Publisher - FINISHED- Query. Result suze=1
[INFO ] 2020-12-04 17:43:53.492 [JavaFX Application Thread] User - STARTED- Named Query
[INFO ] 2020-12-04 17:43:53.750 [JavaFX Application Thread] User - FINISHED- Named Query
[INFO ] 2020-12-04 17:43:53.750 [JavaFX Application Thread] SignInController - User: admin log in the system!
[INFO ] 2020-12-04 17:43:57.671 [JavaFX Application Thread] Genre - STARTED- Query
[INFO ] 2020-12-04 17:43:57.677 [JavaFX Application Thread] Genre - FINISHED- Query. Result suze=1
[INFO ] 2020-12-04 17:43:57.677 [JavaFX Application Thread] Author - STARTED- Query
[INFO ] 2020-12-04 17:43:57.705 [JavaFX Application Thread] Author - FINISHED- Query. Result suze=1
[INFO ] 2020-12-04 17:43:57.706 [JavaFX Application Thread] Publisher - STARTED- Query
[INFO ] 2020-12-04 17:43:57.709 [JavaFX Application Thread] Publisher - FINISHED- Query. Result suze=1
[INFO ] 2020-12-04 20:17:32.145 [JavaFX Application Thread] User - STARTED- Named Query
[INFO ] 2020-12-04 20:17:32.420 [JavaFX Application Thread] User - FINISHED- Named Query
[INFO ] 2020-12-04 20:17:32.421 [JavaFX Application Thread] SignInController - User: admin log in the system!
[INFO ] 2020-12-04 20:17:34.154 [JavaFX Application Thread] Genre - STARTED- Query
[INFO ] 2020-12-04 20:17:34.161 [JavaFX Application Thread] Genre - FINISHED- Query. Result suze=1
[INFO ] 2020-12-04 20:17:34.161 [JavaFX Application Thread] Author - STARTED- Query
[INFO ] 2020-12-04 20:17:34.189 [JavaFX Application Thread] Author - FINISHED- Query. Result suze=1
[INFO ] 2020-12-04 20:17:34.189 [JavaFX Application Thread] Publisher - STARTED- Query
[INFO ] 2020-12-04 20:17:34.195 [JavaFX Application Thread] Publisher - FINISHED- Query. Result suze=1
[INFO ] 2020-12-04 20:17:36.592 [JavaFX Application Thread] Genre - STARTED- Named Query
[INFO ] 2020-12-04 20:17:37.655 [JavaFX Application Thread] Author - STARTED- Named Query
[INFO ] 2020-12-04 20:17:37.685 [JavaFX Application Thread] Author - FINISHED- Named Query
[INFO ] 2020-12-04 20:17:38.663 [JavaFX Application Thread] Publisher - STARTED- Named Query
[INFO ] 2020-12-04 20:17:38.684 [JavaFX Application Thread] Publisher - FINISHED- Named Query
[INFO ] 2020-12-04 20:19:22.610 [JavaFX Application Thread] User - STARTED- Named Query
[INFO ] 2020-12-04 20:19:22.828 [JavaFX Application Thread] User - FINISHED- Named Query
[INFO ] 2020-12-04 20:19:22.828 [JavaFX Application Thread] SignInController - User: admin log in the system!
[INFO ] 2020-12-04 20:19:24.301 [JavaFX Application Thread] Genre - STARTED- Query
[INFO ] 2020-12-04 20:19:24.307 [JavaFX Application Thread] Genre - FINISHED- Query. Result suze=1
[INFO ] 2020-12-04 20:19:24.307 [JavaFX Application Thread] Author - STARTED- Query
[INFO ] 2020-12-04 20:19:24.332 [JavaFX Application Thread] Author - FINISHED- Query. Result suze=1
[INFO ] 2020-12-04 20:19:24.333 [JavaFX Application Thread] Publisher - STARTED- Query
[INFO ] 2020-12-04 20:19:24.337 [JavaFX Application Thread] Publisher - FINISHED- Query. Result suze=1
[INFO ] 2020-12-04 20:19:27.064 [JavaFX Application Thread] Genre - STARTED- Named Query
[INFO ] 2020-12-04 20:19:27.074 [JavaFX Application Thread] Genre - FINISHED- Named Query
[INFO ] 2020-12-04 20:19:28.766 [JavaFX Application Thread] Author - STARTED- Named Query
[INFO ] 2020-12-04 20:19:28.770 [JavaFX Application Thread] Author - FINISHED- Named Query
[INFO ] 2020-12-04 20:19:30.022 [JavaFX Application Thread] Publisher - STARTED- Named Query
[INFO ] 2020-12-04 20:19:30.027 [JavaFX Application Thread] Publisher - FINISHED- Named Query
[INFO ] 2020-12-04 20:22:38.216 [JavaFX Application Thread] User - STARTED- Named Query
[INFO ] 2020-12-04 20:22:38.443 [JavaFX Application Thread] User - FINISHED- Named Query
[INFO ] 2020-12-04 20:22:38.444 [JavaFX Application Thread] SignInController - User: admin log in the system!
[INFO ] 2020-12-04 20:22:40.041 [JavaFX Application Thread] Genre - STARTED- Query
[INFO ] 2020-12-04 20:22:40.047 [JavaFX Application Thread] Genre - FINISHED- Query. Result suze=1
[INFO ] 2020-12-04 20:22:40.047 [JavaFX Application Thread] Author - STARTED- Query
[INFO ] 2020-12-04 20:22:40.359 [JavaFX Application Thread] Author - FINISHED- Query. Result suze=1
[INFO ] 2020-12-04 20:22:40.359 [JavaFX Application Thread] Publisher - STARTED- Query
[INFO ] 2020-12-04 20:22:40.365 [JavaFX Application Thread] Publisher - FINISHED- Query. Result suze=1
[INFO ] 2020-12-04 20:22:42.511 [JavaFX Application Thread] Author - STARTED- Named Query
[INFO ] 2020-12-04 20:22:42.519 [JavaFX Application Thread] Author - FINISHED- Named Query
[INFO ] 2020-12-04 20:24:52.562 [JavaFX Application Thread] User - STARTED- Named Query
[INFO ] 2020-12-04 20:24:52.798 [JavaFX Application Thread] User - FINISHED- Named Query
[INFO ] 2020-12-04 20:24:52.798 [JavaFX Application Thread] SignInController - User: admin log in the system!
[INFO ] 2020-12-04 20:24:54.120 [JavaFX Application Thread] Genre - STARTED- Query
[INFO ] 2020-12-04 20:24:54.125 [JavaFX Application Thread] Genre - FINISHED- Query. Result suze=1
[INFO ] 2020-12-04 20:24:54.126 [JavaFX Application Thread] Author - STARTED- Query
[INFO ] 2020-12-04 20:24:54.262 [JavaFX Application Thread] Author - FINISHED- Query. Result suze=1
[INFO ] 2020-12-04 20:24:54.262 [JavaFX Application Thread] Publisher - STARTED- Query
[INFO ] 2020-12-04 20:24:54.269 [JavaFX Application Thread] Publisher - FINISHED- Query. Result suze=1
[INFO ] 2020-12-04 20:24:56.113 [JavaFX Application Thread] Author - STARTED- Named Query
[INFO ] 2020-12-04 20:24:56.124 [JavaFX Application Thread] Author - FINISHED- Named Query
[INFO ] 2020-12-04 20:47:15.931 [JavaFX Application Thread] User - STARTED- Named Query
[INFO ] 2020-12-04 20:47:16.147 [JavaFX Application Thread] User - FINISHED- Named Query
[INFO ] 2020-12-04 20:47:16.148 [JavaFX Application Thread] SignInController - User: admin log in the system!
[INFO ] 2020-12-04 20:47:17.466 [JavaFX Application Thread] Genre - STARTED- Query
[INFO ] 2020-12-04 20:47:17.472 [JavaFX Application Thread] Genre - FINISHED- Query. Result suze=1
[INFO ] 2020-12-04 20:47:17.472 [JavaFX Application Thread] Author - STARTED- Query
[INFO ] 2020-12-04 20:47:17.508 [JavaFX Application Thread] Author - FINISHED- Query. Result suze=1
[INFO ] 2020-12-04 20:47:17.508 [JavaFX Application Thread] Publisher - STARTED- Query
[INFO ] 2020-12-04 20:47:17.513 [JavaFX Application Thread] Publisher - FINISHED- Query. Result suze=1
[INFO ] 2020-12-04 20:47:21.391 [JavaFX Application Thread] Author - STARTED- Named Query
[INFO ] 2020-12-04 20:47:21.404 [JavaFX Application Thread] Author - FINISHED- Named Query
[INFO ] 2020-12-04 21:07:03.491 [JavaFX Application Thread] User - STARTED- Named Query
[INFO ] 2020-12-04 21:07:03.700 [JavaFX Application Thread] User - FINISHED- Named Query
[INFO ] 2020-12-04 21:07:03.700 [JavaFX Application Thread] SignInController - User: admin log in the system!
[INFO ] 2020-12-04 21:07:05.186 [JavaFX Application Thread] Genre - STARTED- Query
[INFO ] 2020-12-04 21:07:05.192 [JavaFX Application Thread] Genre - FINISHED- Query. Result suze=1
[INFO ] 2020-12-04 21:07:05.192 [JavaFX Application Thread] Author - STARTED- Query
[INFO ] 2020-12-04 21:07:05.231 [JavaFX Application Thread] Author - FINISHED- Query. Result suze=1
[INFO ] 2020-12-04 21:07:05.232 [JavaFX Application Thread] Publisher - STARTED- Query
[INFO ] 2020-12-04 21:07:05.236 [JavaFX Application Thread] Publisher - FINISHED- Query. Result suze=1
[INFO ] 2020-12-04 21:07:21.306 [JavaFX Application Thread] Genre - STARTED- Named Query
[INFO ] 2020-12-04 21:07:21.310 [JavaFX Application Thread] Genre - FINISHED- Named Query
[INFO ] 2020-12-04 21:07:23.717 [JavaFX Application Thread] Author - STARTED- Named Query
[INFO ] 2020-12-04 21:07:23.729 [JavaFX Application Thread] Author - FINISHED- Named Query
[INFO ] 2020-12-04 21:07:25.142 [JavaFX Application Thread] Publisher - STARTED- Named Query
[INFO ] 2020-12-04 21:07:25.146 [JavaFX Application Thread] Publisher - FINISHED- Named Query
[INFO ] 2020-12-04 21:07:33.338 [JavaFX Application Thread] Book - STARTED- Named Query
[INFO ] 2020-12-04 21:07:33.342 [JavaFX Application Thread] Book - FINISHED- Named Query
[INFO ] 2020-12-04 21:07:33.342 [JavaFX Application Thread] Book - STARTED- Save user
[INFO ] 2020-12-04 21:07:33.592 [JavaFX Application Thread] Book - FINISHED- Save user
[INFO ] 2020-12-04 21:09:00.411 [JavaFX Application Thread] AdminController - User: admin logout from the system!
[INFO ] 2020-12-04 21:09:18.713 [JavaFX Application Thread] User - STARTED- Named Query
[INFO ] 2020-12-04 21:09:18.720 [JavaFX Application Thread] User - FINISHED- Named Query
[INFO ] 2020-12-04 21:09:18.720 [JavaFX Application Thread] SignInController - User: sisito06 log in the system!
[INFO ] 2020-12-04 21:09:31.082 [JavaFX Application Thread] OperatorController - User: sisito06 logout from the system!
[INFO ] 2020-12-04 21:09:38.513 [JavaFX Application Thread] User - STARTED- Named Query
[INFO ] 2020-12-04 21:09:38.519 [JavaFX Application Thread] User - FINISHED- Named Query
[INFO ] 2020-12-04 21:09:38.519 [JavaFX Application Thread] SignInController - User: admin log in the system!
[INFO ] 2020-12-04 21:09:40.562 [JavaFX Application Thread] AdminController - User: admin logout from the system!
[INFO ] 2020-12-04 21:09:49.098 [JavaFX Application Thread] User - STARTED- Named Query
[INFO ] 2020-12-04 21:09:49.103 [JavaFX Application Thread] User - FINISHED- Named Query
[INFO ] 2020-12-04 21:10:02.297 [JavaFX Application Thread] User - STARTED- Named Query
[INFO ] 2020-12-04 21:10:02.302 [JavaFX Application Thread] User - FINISHED- Named Query
[INFO ] 2020-12-04 21:11:30.937 [JavaFX Application Thread] User - STARTED- Named Query
[INFO ] 2020-12-04 21:11:31.179 [JavaFX Application Thread] User - FINISHED- Named Query
[INFO ] 2020-12-04 21:11:31.179 [JavaFX Application Thread] SignInController - User: tedito log in the system!
[INFO ] 2020-12-04 21:11:33.531 [JavaFX Application Thread] OperatorController - User: tedito logout from the system!
[INFO ] 2020-12-04 21:20:04.120 [JavaFX Application Thread] User - STARTED- Named Query
[INFO ] 2020-12-04 21:20:04.347 [JavaFX Application Thread] User - FINISHED- Named Query
[INFO ] 2020-12-04 21:20:04.347 [JavaFX Application Thread] SignInController - User: sisito06 log in the system!
[INFO ] 2020-12-04 21:20:05.709 [JavaFX Application Thread] Genre - STARTED- Query
[INFO ] 2020-12-04 21:20:05.715 [JavaFX Application Thread] Genre - FINISHED- Query. Result suze=1
[INFO ] 2020-12-04 21:20:05.715 [JavaFX Application Thread] Author - STARTED- Query
[INFO ] 2020-12-04 21:20:05.753 [JavaFX Application Thread] Author - FINISHED- Query. Result suze=1
[INFO ] 2020-12-04 21:20:05.753 [JavaFX Application Thread] Publisher - STARTED- Query
[INFO ] 2020-12-04 21:20:05.758 [JavaFX Application Thread] Publisher - FINISHED- Query. Result suze=1
[INFO ] 2020-12-04 21:20:08.875 [JavaFX Application Thread] OperatorController - User: sisito06 logout from the system!
[INFO ] 2020-12-04 21:31:57.195 [JavaFX Application Thread] User - STARTED- Named Query
[INFO ] 2020-12-04 21:31:57.468 [JavaFX Application Thread] User - FINISHED- Named Query
[INFO ] 2020-12-04 21:31:57.469 [JavaFX Application Thread] SignInController - User: sisito06 log in the system!
[INFO ] 2020-12-04 21:32:03.821 [JavaFX Application Thread] User - STARTED - Create Query with parameters returns list
[INFO ] 2020-12-04 21:32:03.834 [JavaFX Application Thread] User - FINISHED - Create Query. Result size=1
[INFO ] 2020-12-04 21:32:11.756 [JavaFX Application Thread] User - STARTED - Create Query with parameters returns list
[INFO ] 2020-12-04 21:32:11.760 [JavaFX Application Thread] User - FINISHED - Create Query. Result size=1
[INFO ] 2020-12-04 21:32:14.674 [JavaFX Application Thread] OperatorController - User: sisito06 logout from the system!
[INFO ] 2020-12-04 21:32:22.257 [JavaFX Application Thread] User - STARTED- Named Query
[INFO ] 2020-12-04 21:32:22.262 [JavaFX Application Thread] User - FINISHED- Named Query
[INFO ] 2020-12-04 21:32:22.262 [JavaFX Application Thread] SignInController - User: admin log in the system!
[INFO ] 2020-12-04 21:32:26.931 [JavaFX Application Thread] User - STARTED - Create Query with parameters returns list
[INFO ] 2020-12-04 21:32:26.934 [JavaFX Application Thread] User - FINISHED - Create Query. Result size=1
[INFO ] 2020-12-04 21:32:28.866 [JavaFX Application Thread] AdminController - User: admin logout from the system!
